This file contains any messages produced by compilers while
running configure, to aid debugging if configure makes a mistake.

It was created by FreeType configure 2.4.10, which was
generated by GNU Autoconf 2.69.  Invocation command line was

  $ ./configure --host=arm-linux

## --------- ##
## Platform. ##
## --------- ##

hostname = thinkpad.wu
uname -m = i686
uname -r = 2.6.32-431.el6.i686
uname -s = Linux
uname -v = #1 SMP Fri Nov 22 00:26:36 UTC 2013

/usr/bin/uname -p = unknown
/bin/uname -X     = unknown

/bin/arch              = i686
/usr/bin/arch -k       = unknown
/usr/convex/getsysinfo = unknown
/usr/bin/hostinfo      = unknown
/bin/machine           = unknown
/usr/bin/oslevel       = unknown
/bin/universe          = unknown

PATH: /usr/lib/qt-3.3/bin
PATH: /usr/local/bin
PATH: /bin
PATH: /usr/bin
PATH: /usr/local/sbin
PATH: /usr/sbin
PATH: /sbin
PATH: /home/wu/bin
PATH: /home/wu/workspace/arm-jyxtec-linux-gnueabi/bin
PATH: /usr/local/python-3.3/bin


## ----------- ##
## Core tests. ##
## ----------- ##

configure:2481: checking build system type
configure:2495: result: i686-pc-linux-gnu
configure:2515: checking host system type
configure:2528: result: arm-unknown-linux-gnu
configure:2560: checking for arm-linux-gcc
configure:2576: found /home/wu/workspace/arm-jyxtec-linux-gnueabi/bin/arm-linux-gcc
configure:2587: result: arm-linux-gcc
configure:2856: checking for C compiler version
configure:2865: arm-linux-gcc --version >&5
arm-linux-gcc (crosstool-NG 1.13.3) 4.4.6
Copyright (C) 2010 Free Software Foundation, Inc.
This is free software; see the source for copying conditions.  There is NO
warranty; not even for MERCHANTABILITY or FITNESS FOR A PARTICULAR PURPOSE.

configure:2876: $? = 0
configure:2865: arm-linux-gcc -v >&5
Using built-in specs.
Target: arm-jyxtec-linux-gnueabi
Configured with: /home/d02cj/arm/crosstool_build/.build/src/gcc-4.4.6/configure --build=i686-build_pc-linux-gnu --host=i686-build_pc-linux-gnu --target=arm-jyxtec-linux-gnueabi --prefix=/home/d02cj/x-tools/arm-jyxtec-linux-gnueabi --with-sysroot=/home/d02cj/x-tools/arm-jyxtec-linux-gnueabi/arm-jyxtec-linux-gnueabi/sysroot --enable-languages=c,c++ --disable-multilib --with-arch=armv5te --with-cpu=arm926ej-s --with-tune=arm926ej-s --with-float=soft --with-pkgversion='crosstool-NG 1.13.3' --disable-sjlj-exceptions --enable-__cxa_atexit --disable-libmudflap --disable-libgomp --disable-libssp --with-gmp=/home/d02cj/arm/crosstool_build/.build/arm-jyxtec-linux-gnueabi/build/static --with-mpfr=/home/d02cj/arm/crosstool_build/.build/arm-jyxtec-linux-gnueabi/build/static --with-ppl=/home/d02cj/arm/crosstool_build/.build/arm-jyxtec-linux-gnueabi/build/static --with-cloog=/home/d02cj/arm/crosstool_build/.build/arm-jyxtec-linux-gnueabi/build/static --enable-threads=posix --enable-target-optspace --with-local-prefix=/home/d02cj/x-tools/arm-jyxtec-linux-gnueabi/arm-jyxtec-linux-gnueabi/sysroot --disable-nls --enable-c99 --enable-long-long
Thread model: posix
gcc version 4.4.6 (crosstool-NG 1.13.3) 
configure:2876: $? = 0
configure:2865: arm-linux-gcc -V >&5
arm-linux-gcc: '-V' option must have argument
configure:2876: $? = 1
configure:2865: arm-linux-gcc -qversion >&5
arm-linux-gcc: unrecognized option '-qversion'
arm-linux-gcc: no input files
configure:2876: $? = 1
configure:2896: checking whether the C compiler works
configure:2918: arm-linux-gcc    conftest.c  >&5
configure:2922: $? = 0
configure:2970: result: yes
configure:2973: checking for C compiler default output file name
configure:2975: result: a.out
configure:2981: checking for suffix of executables
configure:2988: arm-linux-gcc -o conftest    conftest.c  >&5
configure:2992: $? = 0
configure:3014: result: 
configure:3036: checking whether we are cross compiling
configure:3044: arm-linux-gcc -o conftest    conftest.c  >&5
configure:3048: $? = 0
configure:3055: ./conftest
./configure: line 3057: ./conftest: cannot execute binary file
configure:3059: $? = 126
configure:3074: result: yes
configure:3079: checking for suffix of object files
configure:3101: arm-linux-gcc -c   conftest.c >&5
configure:3105: $? = 0
configure:3126: result: o
configure:3130: checking whether we are using the GNU C compiler
configure:3149: arm-linux-gcc -c   conftest.c >&5
configure:3149: $? = 0
configure:3158: result: yes
configure:3167: checking whether arm-linux-gcc accepts -g
configure:3187: arm-linux-gcc -c -g  conftest.c >&5
configure:3187: $? = 0
configure:3228: result: yes
configure:3245: checking for arm-linux-gcc option to accept ISO C89
configure:3308: arm-linux-gcc  -c -g -O2  conftest.c >&5
configure:3308: $? = 0
configure:3321: result: none needed
configure:3346: checking how to run the C preprocessor
configure:3377: arm-linux-gcc -E  conftest.c
configure:3377: $? = 0
configure:3391: arm-linux-gcc -E  conftest.c
conftest.c:9:28: error: ac_nonexistent.h: No such file or directory
configure:3391: $? = 1
configure: failed program was:
| /* confdefs.h */
| #define PACKAGE_NAME "FreeType"
| #define PACKAGE_TARNAME "freetype"
| #define PACKAGE_VERSION "2.4.10"
| #define PACKAGE_STRING "FreeType 2.4.10"
| #define PACKAGE_BUGREPORT "freetype@nongnu.org"
| #define PACKAGE_URL ""
| /* end confdefs.h.  */
| #include <ac_nonexistent.h>
configure:3416: result: arm-linux-gcc -E
configure:3436: arm-linux-gcc -E  conftest.c
configure:3436: $? = 0
configure:3450: arm-linux-gcc -E  conftest.c
conftest.c:9:28: error: ac_nonexistent.h: No such file or directory
configure:3450: $? = 1
configure: failed program was:
| /* confdefs.h */
| #define PACKAGE_NAME "FreeType"
| #define PACKAGE_TARNAME "freetype"
| #define PACKAGE_VERSION "2.4.10"
| #define PACKAGE_STRING "FreeType 2.4.10"
| #define PACKAGE_BUGREPORT "freetype@nongnu.org"
| #define PACKAGE_URL ""
| /* end confdefs.h.  */
| #include <ac_nonexistent.h>
configure:3486: checking for i686-pc-linux-gnu-gcc
configure:3516: result: no
configure:3523: checking for gcc
configure:3539: found /usr/bin/gcc
configure:3550: result: gcc
configure:3560: checking for gcc
configure:3604: result: gcc
configure:3614: checking for suffix of native executables
configure:3628: result: 
configure:3644: checking for rm
configure:3660: found /bin/rm
configure:3671: result: rm -f
configure:3681: checking for rmdir
configure:3697: found /bin/rmdir
configure:3708: result: rmdir
configure:3736: checking for a BSD-compatible install
configure:3804: result: /usr/bin/install -c
configure:3828: checking for grep that handles long lines and -e
configure:3886: result: /bin/grep
configure:3891: checking for egrep
configure:3953: result: /bin/grep -E
configure:3958: checking for ANSI C header files
configure:3978: arm-linux-gcc -c -g -O2  conftest.c >&5
configure:3978: $? = 0
configure:4062: result: yes
configure:4075: checking for sys/types.h
configure:4075: arm-linux-gcc -c -g -O2  conftest.c >&5
configure:4075: $? = 0
configure:4075: result: yes
configure:4075: checking for sys/stat.h
configure:4075: arm-linux-gcc -c -g -O2  conftest.c >&5
configure:4075: $? = 0
configure:4075: result: yes
configure:4075: checking for stdlib.h
configure:4075: arm-linux-gcc -c -g -O2  conftest.c >&5
configure:4075: $? = 0
configure:4075: result: yes
configure:4075: checking for string.h
configure:4075: arm-linux-gcc -c -g -O2  conftest.c >&5
configure:4075: $? = 0
configure:4075: result: yes
configure:4075: checking for memory.h
configure:4075: arm-linux-gcc -c -g -O2  conftest.c >&5
configure:4075: $? = 0
configure:4075: result: yes
configure:4075: checking for strings.h
configure:4075: arm-linux-gcc -c -g -O2  conftest.c >&5
configure:4075: $? = 0
configure:4075: result: yes
configure:4075: checking for inttypes.h
configure:4075: arm-linux-gcc -c -g -O2  conftest.c >&5
configure:4075: $? = 0
configure:4075: result: yes
configure:4075: checking for stdint.h
configure:4075: arm-linux-gcc -c -g -O2  conftest.c >&5
configure:4075: $? = 0
configure:4075: result: yes
configure:4075: checking for unistd.h
configure:4075: arm-linux-gcc -c -g -O2  conftest.c >&5
configure:4075: $? = 0
configure:4075: result: yes
configure:4090: checking fcntl.h usability
configure:4090: arm-linux-gcc -c -g -O2  conftest.c >&5
configure:4090: $? = 0
configure:4090: result: yes
configure:4090: checking fcntl.h presence
configure:4090: arm-linux-gcc -E  conftest.c
configure:4090: $? = 0
configure:4090: result: yes
configure:4090: checking for fcntl.h
configure:4090: result: yes
configure:4090: checking for unistd.h
configure:4090: result: yes
configure:4104: checking for an ANSI C-conforming const
configure:4170: arm-linux-gcc -c -g -O2  conftest.c >&5
configure:4170: $? = 0
configure:4177: result: yes
configure:4189: checking size of int
configure:4194: arm-linux-gcc -c -g -O2  conftest.c >&5
configure:4194: $? = 0
configure:4194: arm-linux-gcc -c -g -O2  conftest.c >&5
conftest.c: In function 'main':
conftest.c:57: error: size of array 'test_array' is negative
configure:4194: $? = 1
configure: failed program was:
| /* confdefs.h */
| #define PACKAGE_NAME "FreeType"
| #define PACKAGE_TARNAME "freetype"
| #define PACKAGE_VERSION "2.4.10"
| #define PACKAGE_STRING "FreeType 2.4.10"
| #define PACKAGE_BUGREPORT "freetype@nongnu.org"
| #define PACKAGE_URL ""
| #define STDC_HEADERS 1
| #define HAVE_SYS_TYPES_H 1
| #define HAVE_SYS_STAT_H 1
| #define HAVE_STDLIB_H 1
| #define HAVE_STRING_H 1
| #define HAVE_MEMORY_H 1
| #define HAVE_STRINGS_H 1
| #define HAVE_INTTYPES_H 1
| #define HAVE_STDINT_H 1
| #define HAVE_UNISTD_H 1
| #define HAVE_FCNTL_H 1
| #define HAVE_UNISTD_H 1
| /* end confdefs.h.  */
| #include <stdio.h>
| #ifdef HAVE_SYS_TYPES_H
| # include <sys/types.h>
| #endif
| #ifdef HAVE_SYS_STAT_H
| # include <sys/stat.h>
| #endif
| #ifdef STDC_HEADERS
| # include <stdlib.h>
| # include <stddef.h>
| #else
| # ifdef HAVE_STDLIB_H
| #  include <stdlib.h>
| # endif
| #endif
| #ifdef HAVE_STRING_H
| # if !defined STDC_HEADERS && defined HAVE_MEMORY_H
| #  include <memory.h>
| # endif
| # include <string.h>
| #endif
| #ifdef HAVE_STRINGS_H
| # include <strings.h>
| #endif
| #ifdef HAVE_INTTYPES_H
| # include <inttypes.h>
| #endif
| #ifdef HAVE_STDINT_H
| # include <stdint.h>
| #endif
| #ifdef HAVE_UNISTD_H
| # include <unistd.h>
| #endif
| int
| main ()
| {
| static int test_array [1 - 2 * !(((long int) (sizeof (int))) <= 0)];
| test_array [0] = 0;
| return test_array [0];
| 
|   ;
|   return 0;
| }
configure:4194: arm-linux-gcc -c -g -O2  conftest.c >&5
conftest.c: In function 'main':
conftest.c:57: error: size of array 'test_array' is negative
configure:4194: $? = 1
configure: failed program was:
| /* confdefs.h */
| #define PACKAGE_NAME "FreeType"
| #define PACKAGE_TARNAME "freetype"
| #define PACKAGE_VERSION "2.4.10"
| #define PACKAGE_STRING "FreeType 2.4.10"
| #define PACKAGE_BUGREPORT "freetype@nongnu.org"
| #define PACKAGE_URL ""
| #define STDC_HEADERS 1
| #define HAVE_SYS_TYPES_H 1
| #define HAVE_SYS_STAT_H 1
| #define HAVE_STDLIB_H 1
| #define HAVE_STRING_H 1
| #define HAVE_MEMORY_H 1
| #define HAVE_STRINGS_H 1
| #define HAVE_INTTYPES_H 1
| #define HAVE_STDINT_H 1
| #define HAVE_UNISTD_H 1
| #define HAVE_FCNTL_H 1
| #define HAVE_UNISTD_H 1
| /* end confdefs.h.  */
| #include <stdio.h>
| #ifdef HAVE_SYS_TYPES_H
| # include <sys/types.h>
| #endif
| #ifdef HAVE_SYS_STAT_H
| # include <sys/stat.h>
| #endif
| #ifdef STDC_HEADERS
| # include <stdlib.h>
| # include <stddef.h>
| #else
| # ifdef HAVE_STDLIB_H
| #  include <stdlib.h>
| # endif
| #endif
| #ifdef HAVE_STRING_H
| # if !defined STDC_HEADERS && defined HAVE_MEMORY_H
| #  include <memory.h>
| # endif
| # include <string.h>
| #endif
| #ifdef HAVE_STRINGS_H
| # include <strings.h>
| #endif
| #ifdef HAVE_INTTYPES_H
| # include <inttypes.h>
| #endif
| #ifdef HAVE_STDINT_H
| # include <stdint.h>
| #endif
| #ifdef HAVE_UNISTD_H
| # include <unistd.h>
| #endif
| int
| main ()
| {
| static int test_array [1 - 2 * !(((long int) (sizeof (int))) <= 1)];
| test_array [0] = 0;
| return test_array [0];
| 
|   ;
|   return 0;
| }
configure:4194: arm-linux-gcc -c -g -O2  conftest.c >&5
conftest.c: In function 'main':
conftest.c:57: error: size of array 'test_array' is negative
configure:4194: $? = 1
configure: failed program was:
| /* confdefs.h */
| #define PACKAGE_NAME "FreeType"
| #define PACKAGE_TARNAME "freetype"
| #define PACKAGE_VERSION "2.4.10"
| #define PACKAGE_STRING "FreeType 2.4.10"
| #define PACKAGE_BUGREPORT "freetype@nongnu.org"
| #define PACKAGE_URL ""
| #define STDC_HEADERS 1
| #define HAVE_SYS_TYPES_H 1
| #define HAVE_SYS_STAT_H 1
| #define HAVE_STDLIB_H 1
| #define HAVE_STRING_H 1
| #define HAVE_MEMORY_H 1
| #define HAVE_STRINGS_H 1
| #define HAVE_INTTYPES_H 1
| #define HAVE_STDINT_H 1
| #define HAVE_UNISTD_H 1
| #define HAVE_FCNTL_H 1
| #define HAVE_UNISTD_H 1
| /* end confdefs.h.  */
| #include <stdio.h>
| #ifdef HAVE_SYS_TYPES_H
| # include <sys/types.h>
| #endif
| #ifdef HAVE_SYS_STAT_H
| # include <sys/stat.h>
| #endif
| #ifdef STDC_HEADERS
| # include <stdlib.h>
| # include <stddef.h>
| #else
| # ifdef HAVE_STDLIB_H
| #  include <stdlib.h>
| # endif
| #endif
| #ifdef HAVE_STRING_H
| # if !defined STDC_HEADERS && defined HAVE_MEMORY_H
| #  include <memory.h>
| # endif
| # include <string.h>
| #endif
| #ifdef HAVE_STRINGS_H
| # include <strings.h>
| #endif
| #ifdef HAVE_INTTYPES_H
| # include <inttypes.h>
| #endif
| #ifdef HAVE_STDINT_H
| # include <stdint.h>
| #endif
| #ifdef HAVE_UNISTD_H
| # include <unistd.h>
| #endif
| int
| main ()
| {
| static int test_array [1 - 2 * !(((long int) (sizeof (int))) <= 3)];
| test_array [0] = 0;
| return test_array [0];
| 
|   ;
|   return 0;
| }
configure:4194: arm-linux-gcc -c -g -O2  conftest.c >&5
configure:4194: $? = 0
configure:4194: arm-linux-gcc -c -g -O2  conftest.c >&5
configure:4194: $? = 0
configure:4194: arm-linux-gcc -c -g -O2  conftest.c >&5
configure:4194: $? = 0
configure:4208: result: 4
configure:4222: checking size of long
configure:4227: arm-linux-gcc -c -g -O2  conftest.c >&5
configure:4227: $? = 0
configure:4227: arm-linux-gcc -c -g -O2  conftest.c >&5
conftest.c: In function 'main':
conftest.c:58: error: size of array 'test_array' is negative
configure:4227: $? = 1
configure: failed program was:
| /* confdefs.h */
| #define PACKAGE_NAME "FreeType"
| #define PACKAGE_TARNAME "freetype"
| #define PACKAGE_VERSION "2.4.10"
| #define PACKAGE_STRING "FreeType 2.4.10"
| #define PACKAGE_BUGREPORT "freetype@nongnu.org"
| #define PACKAGE_URL ""
| #define STDC_HEADERS 1
| #define HAVE_SYS_TYPES_H 1
| #define HAVE_SYS_STAT_H 1
| #define HAVE_STDLIB_H 1
| #define HAVE_STRING_H 1
| #define HAVE_MEMORY_H 1
| #define HAVE_STRINGS_H 1
| #define HAVE_INTTYPES_H 1
| #define HAVE_STDINT_H 1
| #define HAVE_UNISTD_H 1
| #define HAVE_FCNTL_H 1
| #define HAVE_UNISTD_H 1
| #define SIZEOF_INT 4
| /* end confdefs.h.  */
| #include <stdio.h>
| #ifdef HAVE_SYS_TYPES_H
| # include <sys/types.h>
| #endif
| #ifdef HAVE_SYS_STAT_H
| # include <sys/stat.h>
| #endif
| #ifdef STDC_HEADERS
| # include <stdlib.h>
| # include <stddef.h>
| #else
| # ifdef HAVE_STDLIB_H
| #  include <stdlib.h>
| # endif
| #endif
| #ifdef HAVE_STRING_H
| # if !defined STDC_HEADERS && defined HAVE_MEMORY_H
| #  include <memory.h>
| # endif
| # include <string.h>
| #endif
| #ifdef HAVE_STRINGS_H
| # include <strings.h>
| #endif
| #ifdef HAVE_INTTYPES_H
| # include <inttypes.h>
| #endif
| #ifdef HAVE_STDINT_H
| # include <stdint.h>
| #endif
| #ifdef HAVE_UNISTD_H
| # include <unistd.h>
| #endif
| int
| main ()
| {
| static int test_array [1 - 2 * !(((long int) (sizeof (long))) <= 0)];
| test_array [0] = 0;
| return test_array [0];
| 
|   ;
|   return 0;
| }
configure:4227: arm-linux-gcc -c -g -O2  conftest.c >&5
conftest.c: In function 'main':
conftest.c:58: error: size of array 'test_array' is negative
configure:4227: $? = 1
configure: failed program was:
| /* confdefs.h */
| #define PACKAGE_NAME "FreeType"
| #define PACKAGE_TARNAME "freetype"
| #define PACKAGE_VERSION "2.4.10"
| #define PACKAGE_STRING "FreeType 2.4.10"
| #define PACKAGE_BUGREPORT "freetype@nongnu.org"
| #define PACKAGE_URL ""
| #define STDC_HEADERS 1
| #define HAVE_SYS_TYPES_H 1
| #define HAVE_SYS_STAT_H 1
| #define HAVE_STDLIB_H 1
| #define HAVE_STRING_H 1
| #define HAVE_MEMORY_H 1
| #define HAVE_STRINGS_H 1
| #define HAVE_INTTYPES_H 1
| #define HAVE_STDINT_H 1
| #define HAVE_UNISTD_H 1
| #define HAVE_FCNTL_H 1
| #define HAVE_UNISTD_H 1
| #define SIZEOF_INT 4
| /* end confdefs.h.  */
| #include <stdio.h>
| #ifdef HAVE_SYS_TYPES_H
| # include <sys/types.h>
| #endif
| #ifdef HAVE_SYS_STAT_H
| # include <sys/stat.h>
| #endif
| #ifdef STDC_HEADERS
| # include <stdlib.h>
| # include <stddef.h>
| #else
| # ifdef HAVE_STDLIB_H
| #  include <stdlib.h>
| # endif
| #endif
| #ifdef HAVE_STRING_H
| # if !defined STDC_HEADERS && defined HAVE_MEMORY_H
| #  include <memory.h>
| # endif
| # include <string.h>
| #endif
| #ifdef HAVE_STRINGS_H
| # include <strings.h>
| #endif
| #ifdef HAVE_INTTYPES_H
| # include <inttypes.h>
| #endif
| #ifdef HAVE_STDINT_H
| # include <stdint.h>
| #endif
| #ifdef HAVE_UNISTD_H
| # include <unistd.h>
| #endif
| int
| main ()
| {
| static int test_array [1 - 2 * !(((long int) (sizeof (long))) <= 1)];
| test_array [0] = 0;
| return test_array [0];
| 
|   ;
|   return 0;
| }
configure:4227: arm-linux-gcc -c -g -O2  conftest.c >&5
conftest.c: In function 'main':
conftest.c:58: error: size of array 'test_array' is negative
configure:4227: $? = 1
configure: failed program was:
| /* confdefs.h */
| #define PACKAGE_NAME "FreeType"
| #define PACKAGE_TARNAME "freetype"
| #define PACKAGE_VERSION "2.4.10"
| #define PACKAGE_STRING "FreeType 2.4.10"
| #define PACKAGE_BUGREPORT "freetype@nongnu.org"
| #define PACKAGE_URL ""
| #define STDC_HEADERS 1
| #define HAVE_SYS_TYPES_H 1
| #define HAVE_SYS_STAT_H 1
| #define HAVE_STDLIB_H 1
| #define HAVE_STRING_H 1
| #define HAVE_MEMORY_H 1
| #define HAVE_STRINGS_H 1
| #define HAVE_INTTYPES_H 1
| #define HAVE_STDINT_H 1
| #define HAVE_UNISTD_H 1
| #define HAVE_FCNTL_H 1
| #define HAVE_UNISTD_H 1
| #define SIZEOF_INT 4
| /* end confdefs.h.  */
| #include <stdio.h>
| #ifdef HAVE_SYS_TYPES_H
| # include <sys/types.h>
| #endif
| #ifdef HAVE_SYS_STAT_H
| # include <sys/stat.h>
| #endif
| #ifdef STDC_HEADERS
| # include <stdlib.h>
| # include <stddef.h>
| #else
| # ifdef HAVE_STDLIB_H
| #  include <stdlib.h>
| # endif
| #endif
| #ifdef HAVE_STRING_H
| # if !defined STDC_HEADERS && defined HAVE_MEMORY_H
| #  include <memory.h>
| # endif
| # include <string.h>
| #endif
| #ifdef HAVE_STRINGS_H
| # include <strings.h>
| #endif
| #ifdef HAVE_INTTYPES_H
| # include <inttypes.h>
| #endif
| #ifdef HAVE_STDINT_H
| # include <stdint.h>
| #endif
| #ifdef HAVE_UNISTD_H
| # include <unistd.h>
| #endif
| int
| main ()
| {
| static int test_array [1 - 2 * !(((long int) (sizeof (long))) <= 3)];
| test_array [0] = 0;
| return test_array [0];
| 
|   ;
|   return 0;
| }
configure:4227: arm-linux-gcc -c -g -O2  conftest.c >&5
configure:4227: $? = 0
configure:4227: arm-linux-gcc -c -g -O2  conftest.c >&5
configure:4227: $? = 0
configure:4227: arm-linux-gcc -c -g -O2  conftest.c >&5
configure:4227: $? = 0
configure:4241: result: 4
configure:4255: checking whether cpp computation of bit length in ftconfig.in works
configure:4306: result: yes
configure:4344: checking for stdlib.h
configure:4344: result: yes
configure:4344: checking for unistd.h
configure:4344: result: yes
configure:4344: checking for sys/param.h
configure:4344: arm-linux-gcc -c -g -O2  conftest.c >&5
configure:4344: $? = 0
configure:4344: result: yes
configure:4364: checking for getpagesize
configure:4364: arm-linux-gcc -o conftest -g -O2   conftest.c  >&5
configure:4364: $? = 0
configure:4364: result: yes
configure:4373: checking for working mmap
configure:4530: result: no
configure:4598: checking for memcpy
configure:4598: arm-linux-gcc -o conftest -g -O2   conftest.c  >&5
conftest.c:50: warning: conflicting types for built-in function 'memcpy'
configure:4598: $? = 0
configure:4598: result: yes
configure:4598: checking for memmove
configure:4598: arm-linux-gcc -o conftest -g -O2   conftest.c  >&5
conftest.c:51: warning: conflicting types for built-in function 'memmove'
configure:4598: $? = 0
configure:4598: result: yes
configure:4621: checking gcc compiler flag -pedantic to assure ANSI C works correctly
configure:4638: arm-linux-gcc -c -g -O2  -pedantic  conftest.c >&5
configure:4638: $? = 0
configure:4640: result: ok, add it to XX_ANSIFLAGS
configure:4621: checking gcc compiler flag -ansi to assure ANSI C works correctly
configure:4638: arm-linux-gcc -c -g -O2  -pedantic -ansi  conftest.c >&5
configure:4638: $? = 0
configure:4640: result: ok, add it to XX_ANSIFLAGS
configure:4680: checking for gzsetparams in -lz
configure:4705: arm-linux-gcc -o conftest -g -O2   conftest.c -lz   >&5
configure:4705: $? = 0
configure:4714: result: yes
configure:4717: checking zlib.h usability
configure:4717: arm-linux-gcc -c -g -O2  conftest.c >&5
configure:4717: $? = 0
configure:4717: result: yes
configure:4717: checking zlib.h presence
configure:4717: arm-linux-gcc -E  conftest.c
configure:4717: $? = 0
configure:4717: result: yes
configure:4717: checking for zlib.h
configure:4717: result: yes
configure:4742: checking for BZ2_bzDecompress in -lbz2
configure:4767: arm-linux-gcc -o conftest -g -O2 -DFT_CONFIG_OPTION_SYSTEM_ZLIB   -lz conftest.c -lbz2   >&5
/home/wu/workspace/arm-jyxtec-linux-gnueabi/bin/../lib/gcc/arm-jyxtec-linux-gnueabi/4.4.6/../../../../arm-jyxtec-linux-gnueabi/bin/ld: cannot find -lbz2
collect2: ld returned 1 exit status
configure:4767: $? = 1
configure: failed program was:
| /* confdefs.h */
| #define PACKAGE_NAME "FreeType"
| #define PACKAGE_TARNAME "freetype"
| #define PACKAGE_VERSION "2.4.10"
| #define PACKAGE_STRING "FreeType 2.4.10"
| #define PACKAGE_BUGREPORT "freetype@nongnu.org"
| #define PACKAGE_URL ""
| #define STDC_HEADERS 1
| #define HAVE_SYS_TYPES_H 1
| #define HAVE_SYS_STAT_H 1
| #define HAVE_STDLIB_H 1
| #define HAVE_STRING_H 1
| #define HAVE_MEMORY_H 1
| #define HAVE_STRINGS_H 1
| #define HAVE_INTTYPES_H 1
| #define HAVE_STDINT_H 1
| #define HAVE_UNISTD_H 1
| #define HAVE_FCNTL_H 1
| #define HAVE_UNISTD_H 1
| #define SIZEOF_INT 4
| #define SIZEOF_LONG 4
| #define HAVE_STDLIB_H 1
| #define HAVE_UNISTD_H 1
| #define HAVE_SYS_PARAM_H 1
| #define HAVE_GETPAGESIZE 1
| #define HAVE_MEMCPY 1
| #define HAVE_MEMMOVE 1
| /* end confdefs.h.  */
| 
| /* Override any GCC internal prototype to avoid an error.
|    Use char because int might match the return type of a GCC
|    builtin and then its argument prototype would still apply.  */
| #ifdef __cplusplus
| extern "C"
| #endif
| char BZ2_bzDecompress ();
| int
| main ()
| {
| return BZ2_bzDecompress ();
|   ;
|   return 0;
| }
configure:4776: result: no
configure:5428: checking how to print strings
configure:5455: result: printf
configure:5476: checking for a sed that does not truncate output
configure:5540: result: /bin/sed
configure:5558: checking for fgrep
configure:5620: result: /bin/grep -F
configure:5655: checking for ld used by arm-linux-gcc
configure:5722: result: /home/wu/workspace/arm-jyxtec-linux-gnueabi/arm-jyxtec-linux-gnueabi/bin/ld
configure:5729: checking if the linker (/home/wu/workspace/arm-jyxtec-linux-gnueabi/arm-jyxtec-linux-gnueabi/bin/ld) is GNU ld
configure:5744: result: yes
configure:5756: checking for BSD- or MS-compatible name lister (nm)
configure:5805: result: /home/wu/workspace/arm-jyxtec-linux-gnueabi/bin/arm-linux-nm -B
configure:5935: checking the name lister (/home/wu/workspace/arm-jyxtec-linux-gnueabi/bin/arm-linux-nm -B) interface
configure:5942: arm-linux-gcc -c -g -O2 -DFT_CONFIG_OPTION_SYSTEM_ZLIB  conftest.c >&5
configure:5945: /home/wu/workspace/arm-jyxtec-linux-gnueabi/bin/arm-linux-nm -B "conftest.o"
configure:5948: output
00000000 B some_variable
configure:5955: result: BSD nm
configure:5958: checking whether ln -s works
configure:5962: result: yes
configure:5970: checking the maximum length of command line arguments
configure:6100: result: 1966080
configure:6117: checking whether the shell understands some XSI constructs
configure:6127: result: yes
configure:6131: checking whether the shell understands "+="
configure:6137: result: yes
configure:6172: checking how to convert i686-pc-linux-gnu file names to arm-unknown-linux-gnu format
configure:6212: result: func_convert_file_noop
configure:6219: checking how to convert i686-pc-linux-gnu file names to toolchain format
configure:6239: result: func_convert_file_noop
configure:6246: checking for /home/wu/workspace/arm-jyxtec-linux-gnueabi/arm-jyxtec-linux-gnueabi/bin/ld option to reload object files
configure:6253: result: -r
configure:6287: checking for arm-linux-objdump
configure:6303: found /home/wu/workspace/arm-jyxtec-linux-gnueabi/bin/arm-linux-objdump
configure:6314: result: arm-linux-objdump
configure:6383: checking how to recognize dependent libraries
configure:6585: result: pass_all
configure:6630: checking for arm-linux-dlltool
configure:6660: result: no
configure:6670: checking for dlltool
configure:6700: result: no
configure:6727: checking how to associate runtime and link libraries
configure:6754: result: printf %s\n
configure:6770: checking for arm-linux-ar
configure:6786: found /home/wu/workspace/arm-jyxtec-linux-gnueabi/bin/arm-linux-ar
configure:6797: result: arm-linux-ar
configure:6878: checking for archiver @FILE support
configure:6895: arm-linux-gcc -c -g -O2 -DFT_CONFIG_OPTION_SYSTEM_ZLIB  conftest.c >&5
configure:6895: $? = 0
configure:6898: arm-linux-ar cru libconftest.a @conftest.lst >&5
configure:6901: $? = 0
configure:6906: arm-linux-ar cru libconftest.a @conftest.lst >&5
arm-linux-ar: conftest.o: No such file or directory
configure:6909: $? = 1
configure:6921: result: @
configure:6939: checking for arm-linux-strip
configure:6955: found /home/wu/workspace/arm-jyxtec-linux-gnueabi/bin/arm-linux-strip
configure:6966: result: arm-linux-strip
configure:7038: checking for arm-linux-ranlib
configure:7054: found /home/wu/workspace/arm-jyxtec-linux-gnueabi/bin/arm-linux-ranlib
configure:7065: result: arm-linux-ranlib
configure:7182: checking for gawk
configure:7198: found /bin/gawk
configure:7209: result: gawk
configure:7249: checking command to parse /home/wu/workspace/arm-jyxtec-linux-gnueabi/bin/arm-linux-nm -B output from arm-linux-gcc object
configure:7369: arm-linux-gcc -c -g -O2 -DFT_CONFIG_OPTION_SYSTEM_ZLIB  conftest.c >&5
configure:7372: $? = 0
configure:7376: /home/wu/workspace/arm-jyxtec-linux-gnueabi/bin/arm-linux-nm -B conftest.o \| sed -n -e 's/^.*[ ]\([ABCDGIRSTW][ABCDGIRSTW]*\)[ ][ ]*\([_A-Za-z][_A-Za-z0-9]*\)$/\1 \2 \2/p' | sed '/ __gnu_lto/d' \> conftest.nm
configure:7379: $? = 0
configure:7445: arm-linux-gcc -o conftest -g -O2 -DFT_CONFIG_OPTION_SYSTEM_ZLIB   -lz conftest.c conftstm.o >&5
configure:7448: $? = 0
configure:7486: result: ok
configure:7523: checking for sysroot
configure:7553: result: no
configure:7769: checking for arm-linux-mt
configure:7799: result: no
configure:7809: checking for mt
configure:7839: result: no
configure:7859: checking if : is a manifest tool
configure:7865: : '-?'
configure:7873: result: no
configure:8512: checking for dlfcn.h
configure:8512: arm-linux-gcc -c -g -O2 -DFT_CONFIG_OPTION_SYSTEM_ZLIB  conftest.c >&5
configure:8512: $? = 0
configure:8512: result: yes
configure:9016: checking for objdir
configure:9031: result: .libs
configure:9298: checking if arm-linux-gcc supports -fno-rtti -fno-exceptions
configure:9316: arm-linux-gcc -c -g -O2 -DFT_CONFIG_OPTION_SYSTEM_ZLIB  -fno-rtti -fno-exceptions conftest.c >&5
cc1: warning: command line option "-fno-rtti" is valid for C++/ObjC++ but not for C
configure:9320: $? = 0
configure:9333: result: no
configure:9660: checking for arm-linux-gcc option to produce PIC
configure:9667: result: -fPIC -DPIC
configure:9675: checking if arm-linux-gcc PIC flag -fPIC -DPIC works
configure:9693: arm-linux-gcc -c -g -O2 -DFT_CONFIG_OPTION_SYSTEM_ZLIB  -fPIC -DPIC -DPIC conftest.c >&5
configure:9697: $? = 0
configure:9710: result: yes
configure:9739: checking if arm-linux-gcc static flag -static works
configure:9767: result: no
configure:9782: checking if arm-linux-gcc supports -c -o file.o
configure:9803: arm-linux-gcc -c -g -O2 -DFT_CONFIG_OPTION_SYSTEM_ZLIB  -o out/conftest2.o conftest.c >&5
configure:9807: $? = 0
configure:9829: result: yes
configure:9837: checking if arm-linux-gcc supports -c -o file.o
configure:9884: result: yes
configure:9917: checking whether the arm-linux-gcc linker (/home/wu/workspace/arm-jyxtec-linux-gnueabi/arm-jyxtec-linux-gnueabi/bin/ld) supports shared libraries
configure:11070: result: yes
configure:11107: checking whether -lc should be explicitly linked in
configure:11115: arm-linux-gcc -c -g -O2 -DFT_CONFIG_OPTION_SYSTEM_ZLIB  conftest.c >&5
configure:11118: $? = 0
configure:11133: arm-linux-gcc -shared  -fPIC -DPIC conftest.o  -v -Wl,-soname -Wl,conftest -o conftest 2\>\&1 \| /bin/grep  -lc  \>/dev/null 2\>\&1
configure:11136: $? = 0
configure:11150: result: no
configure:11310: checking dynamic linker characteristics
configure:11821: arm-linux-gcc -o conftest -g -O2 -DFT_CONFIG_OPTION_SYSTEM_ZLIB   -lz -Wl,-rpath -Wl,/foo conftest.c  >&5
configure:11821: $? = 0
configure:12043: result: GNU/Linux ld.so
configure:12150: checking how to hardcode library paths into programs
configure:12175: result: immediate
configure:12715: checking whether stripping libraries is possible
configure:12720: result: yes
configure:12755: checking if libtool supports shared libraries
configure:12757: result: yes
configure:12760: checking whether to build shared libraries
configure:12781: result: yes
configure:12784: checking whether to build static libraries
configure:12788: result: yes
configure:12963: creating ./config.status

## ---------------------- ##
## Running config.status. ##
## ---------------------- ##

This file was extended by FreeType config.status 2.4.10, which was
generated by GNU Autoconf 2.69.  Invocation command line was

  CONFIG_FILES    = 
  CONFIG_HEADERS  = 
  CONFIG_LINKS    = 
  CONFIG_COMMANDS = 
  $ ./config.status 

on thinkpad.wu

config.status:1070: creating unix-cc.mk
config.status:1070: creating unix-def.mk
config.status:1070: creating freetype-config
config.status:1070: creating freetype2.pc
config.status:1070: creating ftconfig.h
config.status:1259: executing libtool commands

## ---------------- ##
## Cache variables. ##
## ---------------- ##

ac_cv_build=i686-pc-linux-gnu
ac_cv_c_compiler_gnu=yes
ac_cv_c_const=yes
ac_cv_env_CC_set=
ac_cv_env_CC_value=
ac_cv_env_CFLAGS_set=
ac_cv_env_CFLAGS_value=
ac_cv_env_CPPFLAGS_set=
ac_cv_env_CPPFLAGS_value=
ac_cv_env_CPP_set=
ac_cv_env_CPP_value=
ac_cv_env_LDFLAGS_set=
ac_cv_env_LDFLAGS_value=
ac_cv_env_LIBS_set=
ac_cv_env_LIBS_value=
ac_cv_env_build_alias_set=
ac_cv_env_build_alias_value=
ac_cv_env_host_alias_set=set
ac_cv_env_host_alias_value=arm-linux
ac_cv_env_target_alias_set=
ac_cv_env_target_alias_value=
ac_cv_func_getpagesize=yes
ac_cv_func_memcpy=yes
ac_cv_func_memmove=yes
ac_cv_func_mmap_fixed_mapped=no
ac_cv_header_dlfcn_h=yes
ac_cv_header_fcntl_h=yes
ac_cv_header_inttypes_h=yes
ac_cv_header_memory_h=yes
ac_cv_header_stdc=yes
ac_cv_header_stdint_h=yes
ac_cv_header_stdlib_h=yes
ac_cv_header_string_h=yes
ac_cv_header_strings_h=yes
ac_cv_header_sys_param_h=yes
ac_cv_header_sys_stat_h=yes
ac_cv_header_sys_types_h=yes
ac_cv_header_unistd_h=yes
ac_cv_header_zlib_h=yes
ac_cv_host=arm-unknown-linux-gnu
ac_cv_lib_bz2_BZ2_bzDecompress=no
ac_cv_lib_z_gzsetparams=yes
ac_cv_objext=o
ac_cv_path_EGREP='/bin/grep -E'
ac_cv_path_FGREP='/bin/grep -F'
ac_cv_path_GREP=/bin/grep
ac_cv_path_SED=/bin/sed
ac_cv_path_install='/usr/bin/install -c'
ac_cv_prog_AR=arm-linux-ar
ac_cv_prog_AWK=gawk
ac_cv_prog_CC=arm-linux-gcc
ac_cv_prog_CC_BUILD=gcc
ac_cv_prog_CPP='arm-linux-gcc -E'
ac_cv_prog_OBJDUMP=arm-linux-objdump
ac_cv_prog_RANLIB=arm-linux-ranlib
ac_cv_prog_RMDIR=rmdir
ac_cv_prog_RMF='rm -f'
ac_cv_prog_STRIP=arm-linux-strip
ac_cv_prog_cc_c89=
ac_cv_prog_cc_g=yes
ac_cv_sizeof_int=4
ac_cv_sizeof_long=4
lt_cv_ar_at_file=@
lt_cv_archive_cmds_need_lc=no
lt_cv_deplibs_check_method=pass_all
lt_cv_file_magic_cmd='$MAGIC_CMD'
lt_cv_file_magic_test_file=
lt_cv_ld_reload_flag=-r
lt_cv_nm_interface='BSD nm'
lt_cv_objdir=.libs
lt_cv_path_LD=/home/wu/workspace/arm-jyxtec-linux-gnueabi/arm-jyxtec-linux-gnueabi/bin/ld
lt_cv_path_NM='/home/wu/workspace/arm-jyxtec-linux-gnueabi/bin/arm-linux-nm -B'
lt_cv_path_mainfest_tool=no
lt_cv_prog_compiler_c_o=yes
lt_cv_prog_compiler_pic='-fPIC -DPIC'
lt_cv_prog_compiler_pic_works=yes
lt_cv_prog_compiler_rtti_exceptions=no
lt_cv_prog_compiler_static_works=no
lt_cv_prog_gnu_ld=yes
lt_cv_sharedlib_from_linklib_cmd='printf %s\n'
lt_cv_shlibpath_overrides_runpath=yes
lt_cv_sys_global_symbol_pipe='sed -n -e '\''s/^.*[	 ]\([ABCDGIRSTW][ABCDGIRSTW]*\)[	 ][	 ]*\([_A-Za-z][_A-Za-z0-9]*\)$/\1 \2 \2/p'\'' | sed '\''/ __gnu_lto/d'\'''
lt_cv_sys_global_symbol_to_c_name_address='sed -n -e '\''s/^: \([^ ]*\)[ ]*$/  {\"\1\", (void *) 0},/p'\'' -e '\''s/^[ABCDGIRSTW]* \([^ ]*\) \([^ ]*\)$/  {"\2", (void *) \&\2},/p'\'''
lt_cv_sys_global_symbol_to_c_name_address_lib_prefix='sed -n -e '\''s/^: \([^ ]*\)[ ]*$/  {\"\1\", (void *) 0},/p'\'' -e '\''s/^[ABCDGIRSTW]* \([^ ]*\) \(lib[^ ]*\)$/  {"\2", (void *) \&\2},/p'\'' -e '\''s/^[ABCDGIRSTW]* \([^ ]*\) \([^ ]*\)$/  {"lib\2", (void *) \&\2},/p'\'''
lt_cv_sys_global_symbol_to_cdecl='sed -n -e '\''s/^T .* \(.*\)$/extern int \1();/p'\'' -e '\''s/^[ABCDGIRSTW]* .* \(.*\)$/extern char \1;/p'\'''
lt_cv_sys_max_cmd_len=1966080
lt_cv_to_host_file_cmd=func_convert_file_noop
lt_cv_to_tool_file_cmd=func_convert_file_noop

## ----------------- ##
## Output variables. ##
## ----------------- ##

AR='arm-linux-ar'
AS='as'
AWK='gawk'
CC='arm-linux-gcc'
CC_BUILD='gcc'
CFLAGS='-g -O2 -DFT_CONFIG_OPTION_SYSTEM_ZLIB'
CPP='arm-linux-gcc -E'
CPPFLAGS=''
DEFS='-DHAVE_CONFIG_H'
DLLTOOL='false'
DSYMUTIL=''
DUMPBIN=''
ECHO_C=''
ECHO_N='-n'
ECHO_T=''
EGREP='/bin/grep -E'
EXEEXT=''
EXEEXT_BUILD=''
FGREP='/bin/grep -F'
FT2_EXTRA_LIBS=''
FTSYS_SRC='$(BASE_DIR)/ftsystem.c'
GREP='/bin/grep'
INSTALL_DATA='${INSTALL} -m 644'
INSTALL_PROGRAM='${INSTALL}'
INSTALL_SCRIPT='${INSTALL}'
LD='/home/wu/workspace/arm-jyxtec-linux-gnueabi/arm-jyxtec-linux-gnueabi/bin/ld'
LDFLAGS=' -lz'
LIBBZ2=''
LIBOBJS=''
LIBS=''
LIBTOOL='$(SHELL) $(top_builddir)/libtool'
LIBZ='-lz'
LIPO=''
LN_S='ln -s'
LTLIBOBJS=''
MANIFEST_TOOL=':'
NM='/home/wu/workspace/arm-jyxtec-linux-gnueabi/bin/arm-linux-nm -B'
NMEDIT=''
OBJDUMP='arm-linux-objdump'
OBJEXT='o'
OTOOL64=''
OTOOL=''
PACKAGE_BUGREPORT='freetype@nongnu.org'
PACKAGE_NAME='FreeType'
PACKAGE_STRING='FreeType 2.4.10'
PACKAGE_TARNAME='freetype'
PACKAGE_URL=''
PACKAGE_VERSION='2.4.10'
PATH_SEPARATOR=':'
RANLIB='arm-linux-ranlib'
RMDIR='rmdir'
RMF='rm -f'
SED='/bin/sed'
SHELL='/bin/sh'
STRIP='arm-linux-strip'
SYSTEM_ZLIB='yes'
XX_ANSIFLAGS=' -pedantic -ansi'
XX_CFLAGS='-Wall'
ac_ct_AR=''
ac_ct_CC=''
ac_ct_DUMPBIN=''
bindir='${exec_prefix}/bin'
build='i686-pc-linux-gnu'
build_alias=''
build_cpu='i686'
build_libtool_libs=''
build_os='linux-gnu'
build_vendor='pc'
datadir='${datarootdir}'
datarootdir='${prefix}/share'
docdir='${datarootdir}/doc/${PACKAGE_TARNAME}'
dvidir='${docdir}'
exec_prefix='${prefix}'
ft_version='15.0.9'
ftmac_c=''
hardcode_libdir_flag_spec='${wl}-rpath ${wl}$libdir'
host='arm-unknown-linux-gnu'
host_alias='arm-linux'
host_cpu='arm'
host_os='linux-gnu'
host_vendor='unknown'
htmldir='${docdir}'
includedir='${prefix}/include'
infodir='${datarootdir}/info'
libdir='${exec_prefix}/lib'
libexecdir='${exec_prefix}/libexec'
localedir='${datarootdir}/locale'
localstatedir='${prefix}/var'
mandir='${datarootdir}/man'
oldincludedir='/usr/include'
pdfdir='${docdir}'
prefix='/usr/local'
program_transform_name='s,x,x,'
psdir='${docdir}'
sbindir='${exec_prefix}/sbin'
sharedstatedir='${prefix}/com'
sysconfdir='${prefix}/etc'
target_alias=''
version_info='15:0:9'
wl='-Wl,'

## ----------- ##
## confdefs.h. ##
## ----------- ##

/* confdefs.h */
#define PACKAGE_NAME "FreeType"
#define PACKAGE_TARNAME "freetype"
#define PACKAGE_VERSION "2.4.10"
#define PACKAGE_STRING "FreeType 2.4.10"
#define PACKAGE_BUGREPORT "freetype@nongnu.org"
#define PACKAGE_URL ""
#define STDC_HEADERS 1
#define HAVE_SYS_TYPES_H 1
#define HAVE_SYS_STAT_H 1
#define HAVE_STDLIB_H 1
#define HAVE_STRING_H 1
#define HAVE_MEMORY_H 1
#define HAVE_STRINGS_H 1
#define HAVE_INTTYPES_H 1
#define HAVE_STDINT_H 1
#define HAVE_UNISTD_H 1
#define HAVE_FCNTL_H 1
#define HAVE_UNISTD_H 1
#define SIZEOF_INT 4
#define SIZEOF_LONG 4
#define HAVE_STDLIB_H 1
#define HAVE_UNISTD_H 1
#define HAVE_SYS_PARAM_H 1
#define HAVE_GETPAGESIZE 1
#define HAVE_MEMCPY 1
#define HAVE_MEMMOVE 1
#define HAVE_DLFCN_H 1
#define LT_OBJDIR ".libs/"

configure: exit 0
